<?xml version="1.0" encoding="UTF-8"?>
<!-- Generated by org.testng.reporters.JUnitReportReporter -->
<testsuite skipped="0" hostname="DESKTOP-FGF5UQ0" name="getRequest.getdata" tests="2" failures="0" timestamp="07 Jun 2018 10:49:10 GMT" time="1.933" errors="0">
  <testcase name="testBody" time="1.804" classname="getRequest.getdata"/>
  <testcase name="testResponseCode" time="0.129" classname="getRequest.getdata"/>
</testsuite> <!-- getRequest.getdata -->
