<?xml version="1.0" encoding="UTF-8"?>
<!-- Generated by org.testng.reporters.JUnitReportReporter -->
<testsuite skipped="0" hostname="DESKTOP-FGF5UQ0" name="getRequest.getdata" tests="2" failures="0" timestamp="07 Jun 2018 12:47:26 GMT" time="2.115" errors="0">
  <testcase name="testBody" time="1.707" classname="getRequest.getdata"/>
  <testcase name="testResponseCode" time="0.408" classname="getRequest.getdata"/>
</testsuite> <!-- getRequest.getdata -->
