<?xml version="1.0" encoding="UTF-8"?>
<!-- Generated by org.testng.reporters.JUnitReportReporter -->
<testsuite skipped="0" hostname="DESKTOP-FGF5UQ0" name="getRequest.getdata" tests="2" failures="0" timestamp="07 Jun 2018 11:44:39 GMT" time="1.756" errors="0">
  <testcase name="testBody" time="1.564" classname="getRequest.getdata"/>
  <testcase name="testResponseCode" time="0.192" classname="getRequest.getdata"/>
</testsuite> <!-- getRequest.getdata -->
